更新日志记录
================================================
V1.0.3.1048 更新日志：
1,注册简化;
2,增加商家店铺信息及开店、认证;
3,增加商家商品管理;
4,增加回拨管理;

================================================
V1.0.3.1043 更新日志：
1,查询申请代理状态;

================================================
V1.0.3.1042 更新日志：
1,修复用户上传图片成功后不立即刷新;
2,项目上传到github;
3,支付调整,可给订单、余额充值等;

================================================
V1.0.3.1040 更新日志：
1，收货地址更换成省市区选择输入；
2，用户消费记录查询；

================================================
V1.0.3.1039 更新日志：
1，界面调整；
2，添加用户商品浏览记录；

================================================
V1.0.3.1038 更新日志：
1，界面调整；
2，更换LOGO与名称；
3，用户代理申请；

================================================
V1.0.3.1037 更新日志：
1，界面调整；
2，开发用户分销角色；

================================================
V1.0.3.1035 更新日志：
1，调试微信支付；

================================================
V1.0.3.1034 更新日志：
1，增加流量套餐用户每月领取流量；

================================================
V1.0.3.1032 更新日志：
1，实现流量卡密充值；
2，注册指定推荐人；
3，推荐注册送积分；
4，重新设置用户类型和级别；

================================================
V1.0.2.1030 更新日志：
1，流量充值布局修改；
2，实现签到功能；

================================================
V1.0.2.1028 更新日志：
1，修复支付宝支付出错的问题；
2，布局修改；
3，互动布局修改；

================================================
V1.0.2.1026 更新日志：
1，流量区分普通流量和套餐流量；
2，用户账号增加流量信息；

================================================
V1.0.2.1025 更新日志：
1，UI调整；
2，下单支付BUG修复；

================================================
V1.0.2.1024 更新日志：
1，购物车可选择需要购买的商品；
2，普通商品可选积分抵扣；
3，修复图片圆角；

================================================
V1.0.2.1023 更新日志：
1，调整部分UI；

================================================
V1.0.1 更新日志：
1，订单列表查询；
2，登录登出同步通知更新视图；
3，拨号界面调整；
4，增加商品评价功能；
5，修复Email验证表达式；
6，当网络不好或网页打不开时显示友好的错误页面；
7，更换一套浅色键盘，点击底部导航按钮可切换键盘显示；
8，修复安卓6.0以上权限申请问题；
9，修复列表刷新有时会出现2条同样的记录；

================================================

需完成的任务：


